<?xml version="1.0" encoding="UTF-8"?>
<coverage generated="1758125858855" clover="3.2.0">
  <project timestamp="1758125858855" name="All files">
    <metrics statements="49" coveredstatements="45" conditionals="25" coveredconditionals="23" methods="8" coveredmethods="8" elements="82" coveredelements="76" complexity="0" loc="49" ncloc="49" packages="1" files="1" classes="1"/>
    <file name="items.js" path="/Users/bogdan-popa/Documents/Interviews/test-14/backend/src/routes/items.js">
      <metrics statements="49" coveredstatements="45" conditionals="25" coveredconditionals="23" methods="8" coveredmethods="8"/>
      <line num="1" count="1" type="stmt"/>
      <line num="2" count="1" type="stmt"/>
      <line num="5" count="12" type="stmt"/>
      <line num="8" count="8" type="stmt"/>
      <line num="9" count="8" type="stmt"/>
      <line num="10" count="7" type="stmt"/>
      <line num="12" count="1" type="cond" truecount="1" falsecount="1"/>
      <line num="13" count="1" type="stmt"/>
      <line num="14" count="1" type="stmt"/>
      <line num="16" count="0" type="stmt"/>
      <line num="21" count="1" type="stmt"/>
      <line num="25" count="12" type="stmt"/>
      <line num="26" count="5" type="stmt"/>
      <line num="27" count="5" type="stmt"/>
      <line num="28" count="5" type="cond" truecount="3" falsecount="0"/>
      <line num="30" count="5" type="stmt"/>
      <line num="31" count="9" type="stmt"/>
      <line num="34" count="5" type="cond" truecount="4" falsecount="0"/>
      <line num="35" count="2" type="stmt"/>
      <line num="36" count="2" type="stmt"/>
      <line num="38" count="2" type="stmt"/>
      <line num="39" count="2" type="stmt"/>
      <line num="41" count="2" type="stmt"/>
      <line num="49" count="3" type="stmt"/>
      <line num="57" count="0" type="stmt"/>
      <line num="62" count="12" type="stmt"/>
      <line num="63" count="2" type="stmt"/>
      <line num="64" count="2" type="stmt"/>
      <line num="65" count="5" type="stmt"/>
      <line num="66" count="2" type="cond" truecount="2" falsecount="0"/>
      <line num="67" count="1" type="stmt"/>
      <line num="69" count="0" type="stmt"/>
      <line num="74" count="12" type="stmt"/>
      <line num="75" count="6" type="stmt"/>
      <line num="76" count="6" type="stmt"/>
      <line num="78" count="6" type="cond" truecount="4" falsecount="0"/>
      <line num="79" count="2" type="stmt"/>
      <line num="81" count="4" type="cond" truecount="4" falsecount="0"/>
      <line num="82" count="2" type="stmt"/>
      <line num="84" count="2" type="cond" truecount="4" falsecount="0"/>
      <line num="85" count="1" type="stmt"/>
      <line num="87" count="1" type="stmt"/>
      <line num="88" count="1" type="cond" truecount="1" falsecount="1"/>
      <line num="89" count="1" type="stmt"/>
      <line num="90" count="1" type="stmt"/>
      <line num="92" count="1" type="stmt"/>
      <line num="94" count="0" type="stmt"/>
      <line num="98" count="12" type="stmt"/>
      <line num="101" count="1" type="stmt"/>
    </file>
  </project>
</coverage>
