{"/Users/bogdan-popa/Documents/Interviews/test-14/backend/src/routes/items.js": {"path":"/Users/bogdan-popa/Documents/Interviews/test-14/backend/src/routes/items.js","statementMap":{"0":{"start":{"line":1,"column":16},"end":{"line":1,"column":34}},"1":{"start":{"line":2,"column":11},"end":{"line":2,"column":33}},"2":{"start":{"line":5,"column":19},"end":{"line":5,"column":35}},"3":{"start":{"line":9,"column":8},"end":{"line":19,"column":9}},"4":{"start":{"line":10,"column":24},"end":{"line":10,"column":61}},"5":{"start":{"line":11,"column":12},"end":{"line":11,"column":35}},"6":{"start":{"line":13,"column":12},"end":{"line":17,"column":13}},"7":{"start":{"line":15,"column":16},"end":{"line":15,"column":75}},"8":{"start":{"line":16,"column":16},"end":{"line":16,"column":26}},"9":{"start":{"line":18,"column":12},"end":{"line":18,"column":22}},"10":{"start":{"line":24,"column":8},"end":{"line":24,"column":69}},"11":{"start":{"line":28,"column":4},"end":{"line":48,"column":7}},"12":{"start":{"line":29,"column":8},"end":{"line":47,"column":9}},"13":{"start":{"line":30,"column":25},"end":{"line":30,"column":41}},"14":{"start":{"line":31,"column":33},"end":{"line":31,"column":42}},"15":{"start":{"line":32,"column":26},"end":{"line":32,"column":30}},"16":{"start":{"line":34,"column":12},"end":{"line":38,"column":13}},"17":{"start":{"line":35,"column":16},"end":{"line":37,"column":18}},"18":{"start":{"line":36,"column":20},"end":{"line":36,"column":69}},"19":{"start":{"line":40,"column":12},"end":{"line":42,"column":13}},"20":{"start":{"line":41,"column":16},"end":{"line":41,"column":60}},"21":{"start":{"line":44,"column":12},"end":{"line":44,"column":30}},"22":{"start":{"line":46,"column":12},"end":{"line":46,"column":22}},"23":{"start":{"line":51,"column":4},"end":{"line":62,"column":7}},"24":{"start":{"line":52,"column":8},"end":{"line":61,"column":9}},"25":{"start":{"line":53,"column":25},"end":{"line":53,"column":41}},"26":{"start":{"line":54,"column":25},"end":{"line":54,"column":73}},"27":{"start":{"line":54,"column":40},"end":{"line":54,"column":72}},"28":{"start":{"line":55,"column":12},"end":{"line":57,"column":13}},"29":{"start":{"line":56,"column":16},"end":{"line":56,"column":73}},"30":{"start":{"line":58,"column":12},"end":{"line":58,"column":27}},"31":{"start":{"line":60,"column":12},"end":{"line":60,"column":22}},"32":{"start":{"line":65,"column":4},"end":{"line":100,"column":7}},"33":{"start":{"line":66,"column":8},"end":{"line":99,"column":9}},"34":{"start":{"line":67,"column":46},"end":{"line":67,"column":54}},"35":{"start":{"line":70,"column":12},"end":{"line":74,"column":13}},"36":{"start":{"line":71,"column":16},"end":{"line":73,"column":88}},"37":{"start":{"line":75,"column":12},"end":{"line":79,"column":13}},"38":{"start":{"line":76,"column":16},"end":{"line":78,"column":92}},"39":{"start":{"line":80,"column":12},"end":{"line":84,"column":13}},"40":{"start":{"line":81,"column":16},"end":{"line":83,"column":75}},"41":{"start":{"line":86,"column":25},"end":{"line":86,"column":41}},"42":{"start":{"line":87,"column":25},"end":{"line":92,"column":13}},"43":{"start":{"line":93,"column":12},"end":{"line":93,"column":28}},"44":{"start":{"line":94,"column":12},"end":{"line":94,"column":34}},"45":{"start":{"line":96,"column":12},"end":{"line":96,"column":39}},"46":{"start":{"line":98,"column":12},"end":{"line":98,"column":22}},"47":{"start":{"line":102,"column":4},"end":{"line":102,"column":18}},"48":{"start":{"line":105,"column":0},"end":{"line":105,"column":35}}},"fnMap":{"0":{"name":"createItemsRouter","decl":{"start":{"line":4,"column":9},"end":{"line":4,"column":26}},"loc":{"start":{"line":4,"column":38},"end":{"line":103,"column":1}},"line":4},"1":{"name":"readData","decl":{"start":{"line":8,"column":19},"end":{"line":8,"column":27}},"loc":{"start":{"line":8,"column":30},"end":{"line":20,"column":5}},"line":8},"2":{"name":"writeData","decl":{"start":{"line":23,"column":19},"end":{"line":23,"column":28}},"loc":{"start":{"line":23,"column":35},"end":{"line":25,"column":5}},"line":23},"3":{"name":"(anonymous_3)","decl":{"start":{"line":28,"column":20},"end":{"line":28,"column":21}},"loc":{"start":{"line":28,"column":46},"end":{"line":48,"column":5}},"line":28},"4":{"name":"(anonymous_4)","decl":{"start":{"line":35,"column":41},"end":{"line":35,"column":42}},"loc":{"start":{"line":36,"column":20},"end":{"line":36,"column":69}},"line":36},"5":{"name":"(anonymous_5)","decl":{"start":{"line":51,"column":23},"end":{"line":51,"column":24}},"loc":{"start":{"line":51,"column":49},"end":{"line":62,"column":5}},"line":51},"6":{"name":"(anonymous_6)","decl":{"start":{"line":54,"column":35},"end":{"line":54,"column":36}},"loc":{"start":{"line":54,"column":40},"end":{"line":54,"column":72}},"line":54},"7":{"name":"(anonymous_7)","decl":{"start":{"line":65,"column":21},"end":{"line":65,"column":22}},"loc":{"start":{"line":65,"column":47},"end":{"line":100,"column":5}},"line":65}},"branchMap":{"0":{"loc":{"start":{"line":13,"column":12},"end":{"line":17,"column":13}},"type":"if","locations":[{"start":{"line":13,"column":12},"end":{"line":17,"column":13}},{"start":{},"end":{}}],"line":13},"1":{"loc":{"start":{"line":34,"column":12},"end":{"line":38,"column":13}},"type":"if","locations":[{"start":{"line":34,"column":12},"end":{"line":38,"column":13}},{"start":{},"end":{}}],"line":34},"2":{"loc":{"start":{"line":40,"column":12},"end":{"line":42,"column":13}},"type":"if","locations":[{"start":{"line":40,"column":12},"end":{"line":42,"column":13}},{"start":{},"end":{}}],"line":40},"3":{"loc":{"start":{"line":55,"column":12},"end":{"line":57,"column":13}},"type":"if","locations":[{"start":{"line":55,"column":12},"end":{"line":57,"column":13}},{"start":{},"end":{}}],"line":55},"4":{"loc":{"start":{"line":70,"column":12},"end":{"line":74,"column":13}},"type":"if","locations":[{"start":{"line":70,"column":12},"end":{"line":74,"column":13}},{"start":{},"end":{}}],"line":70},"5":{"loc":{"start":{"line":70,"column":16},"end":{"line":70,"column":62}},"type":"binary-expr","locations":[{"start":{"line":70,"column":16},"end":{"line":70,"column":40}},{"start":{"line":70,"column":44},"end":{"line":70,"column":62}}],"line":70},"6":{"loc":{"start":{"line":75,"column":12},"end":{"line":79,"column":13}},"type":"if","locations":[{"start":{"line":75,"column":12},"end":{"line":79,"column":13}},{"start":{},"end":{}}],"line":75},"7":{"loc":{"start":{"line":75,"column":16},"end":{"line":75,"column":70}},"type":"binary-expr","locations":[{"start":{"line":75,"column":16},"end":{"line":75,"column":44}},{"start":{"line":75,"column":48},"end":{"line":75,"column":70}}],"line":75},"8":{"loc":{"start":{"line":80,"column":12},"end":{"line":84,"column":13}},"type":"if","locations":[{"start":{"line":80,"column":12},"end":{"line":84,"column":13}},{"start":{},"end":{}}],"line":80},"9":{"loc":{"start":{"line":80,"column":16},"end":{"line":80,"column":64}},"type":"binary-expr","locations":[{"start":{"line":80,"column":16},"end":{"line":80,"column":35}},{"start":{"line":80,"column":39},"end":{"line":80,"column":64}}],"line":80},"10":{"loc":{"start":{"line":91,"column":23},"end":{"line":91,"column":36}},"type":"binary-expr","locations":[{"start":{"line":91,"column":23},"end":{"line":91,"column":28}},{"start":{"line":91,"column":32},"end":{"line":91,"column":36}}],"line":91}},"s":{"0":1,"1":1,"2":12,"3":7,"4":7,"5":6,"6":1,"7":1,"8":1,"9":0,"10":1,"11":12,"12":4,"13":4,"14":4,"15":4,"16":4,"17":1,"18":3,"19":4,"20":1,"21":4,"22":0,"23":12,"24":2,"25":2,"26":2,"27":5,"28":2,"29":1,"30":1,"31":0,"32":12,"33":6,"34":6,"35":6,"36":2,"37":4,"38":2,"39":2,"40":1,"41":1,"42":1,"43":1,"44":1,"45":1,"46":0,"47":12,"48":1},"f":{"0":12,"1":7,"2":1,"3":4,"4":3,"5":2,"6":5,"7":6},"b":{"0":[1,0],"1":[1,3],"2":[1,3],"3":[1,1],"4":[2,4],"5":[6,5],"6":[2,2],"7":[4,3],"8":[1,1],"9":[2,2],"10":[1,0]},"_coverageSchema":"1a1c01bbd47fc00a2c39e90264f33305004495a9","hash":"198780fdc7809106f8d3a2e701e4fe24e868118b"}
}
