{"/Users/bogdan-popa/Documents/Interviews/test-14/backend/src/routes/items.js": {"path":"/Users/bogdan-popa/Documents/Interviews/test-14/backend/src/routes/items.js","statementMap":{"0":{"start":{"line":1,"column":16},"end":{"line":1,"column":34}},"1":{"start":{"line":2,"column":11},"end":{"line":2,"column":33}},"2":{"start":{"line":5,"column":19},"end":{"line":5,"column":35}},"3":{"start":{"line":8,"column":8},"end":{"line":17,"column":9}},"4":{"start":{"line":9,"column":24},"end":{"line":9,"column":61}},"5":{"start":{"line":10,"column":12},"end":{"line":10,"column":35}},"6":{"start":{"line":12,"column":12},"end":{"line":15,"column":13}},"7":{"start":{"line":13,"column":16},"end":{"line":13,"column":75}},"8":{"start":{"line":14,"column":16},"end":{"line":14,"column":26}},"9":{"start":{"line":16,"column":12},"end":{"line":16,"column":22}},"10":{"start":{"line":21,"column":8},"end":{"line":21,"column":69}},"11":{"start":{"line":25,"column":4},"end":{"line":59,"column":7}},"12":{"start":{"line":26,"column":8},"end":{"line":58,"column":9}},"13":{"start":{"line":27,"column":25},"end":{"line":27,"column":41}},"14":{"start":{"line":28,"column":54},"end":{"line":28,"column":63}},"15":{"start":{"line":30,"column":28},"end":{"line":32,"column":13}},"16":{"start":{"line":31,"column":16},"end":{"line":31,"column":65}},"17":{"start":{"line":34,"column":12},"end":{"line":55,"column":13}},"18":{"start":{"line":35,"column":35},"end":{"line":35,"column":49}},"19":{"start":{"line":36,"column":36},"end":{"line":36,"column":51}},"20":{"start":{"line":38,"column":30},"end":{"line":38,"column":60}},"21":{"start":{"line":39,"column":30},"end":{"line":39,"column":71}},"22":{"start":{"line":41,"column":16},"end":{"line":46,"column":19}},"23":{"start":{"line":49,"column":16},"end":{"line":54,"column":19}},"24":{"start":{"line":57,"column":12},"end":{"line":57,"column":22}},"25":{"start":{"line":62,"column":4},"end":{"line":71,"column":7}},"26":{"start":{"line":63,"column":8},"end":{"line":70,"column":9}},"27":{"start":{"line":64,"column":25},"end":{"line":64,"column":41}},"28":{"start":{"line":65,"column":25},"end":{"line":65,"column":73}},"29":{"start":{"line":65,"column":40},"end":{"line":65,"column":72}},"30":{"start":{"line":66,"column":12},"end":{"line":66,"column":80}},"31":{"start":{"line":66,"column":23},"end":{"line":66,"column":80}},"32":{"start":{"line":67,"column":12},"end":{"line":67,"column":27}},"33":{"start":{"line":69,"column":12},"end":{"line":69,"column":22}},"34":{"start":{"line":74,"column":4},"end":{"line":96,"column":7}},"35":{"start":{"line":75,"column":8},"end":{"line":95,"column":9}},"36":{"start":{"line":76,"column":46},"end":{"line":76,"column":54}},"37":{"start":{"line":78,"column":12},"end":{"line":79,"column":106}},"38":{"start":{"line":79,"column":16},"end":{"line":79,"column":106}},"39":{"start":{"line":81,"column":12},"end":{"line":82,"column":110}},"40":{"start":{"line":82,"column":16},"end":{"line":82,"column":110}},"41":{"start":{"line":84,"column":12},"end":{"line":85,"column":93}},"42":{"start":{"line":85,"column":16},"end":{"line":85,"column":93}},"43":{"start":{"line":87,"column":25},"end":{"line":87,"column":41}},"44":{"start":{"line":88,"column":25},"end":{"line":88,"column":81}},"45":{"start":{"line":89,"column":12},"end":{"line":89,"column":28}},"46":{"start":{"line":90,"column":12},"end":{"line":90,"column":34}},"47":{"start":{"line":92,"column":12},"end":{"line":92,"column":39}},"48":{"start":{"line":94,"column":12},"end":{"line":94,"column":22}},"49":{"start":{"line":98,"column":4},"end":{"line":98,"column":18}},"50":{"start":{"line":101,"column":0},"end":{"line":101,"column":35}}},"fnMap":{"0":{"name":"createItemsRouter","decl":{"start":{"line":4,"column":9},"end":{"line":4,"column":26}},"loc":{"start":{"line":4,"column":38},"end":{"line":99,"column":1}},"line":4},"1":{"name":"readData","decl":{"start":{"line":7,"column":19},"end":{"line":7,"column":27}},"loc":{"start":{"line":7,"column":30},"end":{"line":18,"column":5}},"line":7},"2":{"name":"writeData","decl":{"start":{"line":20,"column":19},"end":{"line":20,"column":28}},"loc":{"start":{"line":20,"column":35},"end":{"line":22,"column":5}},"line":20},"3":{"name":"(anonymous_3)","decl":{"start":{"line":25,"column":20},"end":{"line":25,"column":21}},"loc":{"start":{"line":25,"column":46},"end":{"line":59,"column":5}},"line":25},"4":{"name":"(anonymous_4)","decl":{"start":{"line":30,"column":40},"end":{"line":30,"column":41}},"loc":{"start":{"line":31,"column":16},"end":{"line":31,"column":65}},"line":31},"5":{"name":"(anonymous_5)","decl":{"start":{"line":62,"column":23},"end":{"line":62,"column":24}},"loc":{"start":{"line":62,"column":49},"end":{"line":71,"column":5}},"line":62},"6":{"name":"(anonymous_6)","decl":{"start":{"line":65,"column":35},"end":{"line":65,"column":36}},"loc":{"start":{"line":65,"column":40},"end":{"line":65,"column":72}},"line":65},"7":{"name":"(anonymous_7)","decl":{"start":{"line":74,"column":21},"end":{"line":74,"column":22}},"loc":{"start":{"line":74,"column":47},"end":{"line":96,"column":5}},"line":74}},"branchMap":{"0":{"loc":{"start":{"line":12,"column":12},"end":{"line":15,"column":13}},"type":"if","locations":[{"start":{"line":12,"column":12},"end":{"line":15,"column":13}},{"start":{},"end":{}}],"line":12},"1":{"loc":{"start":{"line":28,"column":20},"end":{"line":28,"column":26}},"type":"default-arg","locations":[{"start":{"line":28,"column":24},"end":{"line":28,"column":26}}],"line":28},"2":{"loc":{"start":{"line":28,"column":28},"end":{"line":28,"column":37}},"type":"default-arg","locations":[{"start":{"line":28,"column":35},"end":{"line":28,"column":37}}],"line":28},"3":{"loc":{"start":{"line":28,"column":39},"end":{"line":28,"column":49}},"type":"default-arg","locations":[{"start":{"line":28,"column":47},"end":{"line":28,"column":49}}],"line":28},"4":{"loc":{"start":{"line":34,"column":12},"end":{"line":55,"column":13}},"type":"if","locations":[{"start":{"line":34,"column":12},"end":{"line":55,"column":13}},{"start":{"line":47,"column":19},"end":{"line":55,"column":13}}],"line":34},"5":{"loc":{"start":{"line":34,"column":15},"end":{"line":34,"column":42}},"type":"binary-expr","locations":[{"start":{"line":34,"column":15},"end":{"line":34,"column":26}},{"start":{"line":34,"column":30},"end":{"line":34,"column":42}}],"line":34},"6":{"loc":{"start":{"line":66,"column":12},"end":{"line":66,"column":80}},"type":"if","locations":[{"start":{"line":66,"column":12},"end":{"line":66,"column":80}},{"start":{},"end":{}}],"line":66},"7":{"loc":{"start":{"line":78,"column":12},"end":{"line":79,"column":106}},"type":"if","locations":[{"start":{"line":78,"column":12},"end":{"line":79,"column":106}},{"start":{},"end":{}}],"line":78},"8":{"loc":{"start":{"line":78,"column":16},"end":{"line":78,"column":62}},"type":"binary-expr","locations":[{"start":{"line":78,"column":16},"end":{"line":78,"column":40}},{"start":{"line":78,"column":44},"end":{"line":78,"column":62}}],"line":78},"9":{"loc":{"start":{"line":81,"column":12},"end":{"line":82,"column":110}},"type":"if","locations":[{"start":{"line":81,"column":12},"end":{"line":82,"column":110}},{"start":{},"end":{}}],"line":81},"10":{"loc":{"start":{"line":81,"column":16},"end":{"line":81,"column":70}},"type":"binary-expr","locations":[{"start":{"line":81,"column":16},"end":{"line":81,"column":44}},{"start":{"line":81,"column":48},"end":{"line":81,"column":70}}],"line":81},"11":{"loc":{"start":{"line":84,"column":12},"end":{"line":85,"column":93}},"type":"if","locations":[{"start":{"line":84,"column":12},"end":{"line":85,"column":93}},{"start":{},"end":{}}],"line":84},"12":{"loc":{"start":{"line":84,"column":16},"end":{"line":84,"column":64}},"type":"binary-expr","locations":[{"start":{"line":84,"column":16},"end":{"line":84,"column":35}},{"start":{"line":84,"column":39},"end":{"line":84,"column":64}}],"line":84},"13":{"loc":{"start":{"line":88,"column":66},"end":{"line":88,"column":79}},"type":"binary-expr","locations":[{"start":{"line":88,"column":66},"end":{"line":88,"column":71}},{"start":{"line":88,"column":75},"end":{"line":88,"column":79}}],"line":88}},"s":{"0":1,"1":1,"2":12,"3":8,"4":8,"5":7,"6":1,"7":1,"8":1,"9":0,"10":1,"11":12,"12":5,"13":5,"14":5,"15":5,"16":9,"17":5,"18":2,"19":2,"20":2,"21":2,"22":2,"23":3,"24":0,"25":12,"26":2,"27":2,"28":2,"29":5,"30":2,"31":1,"32":1,"33":0,"34":12,"35":6,"36":6,"37":6,"38":2,"39":4,"40":2,"41":2,"42":1,"43":1,"44":1,"45":1,"46":1,"47":1,"48":0,"49":12,"50":1},"f":{"0":12,"1":8,"2":1,"3":5,"4":9,"5":2,"6":5,"7":6},"b":{"0":[1,0],"1":[3],"2":[3],"3":[3],"4":[2,3],"5":[5,2],"6":[1,1],"7":[2,4],"8":[6,5],"9":[2,2],"10":[4,3],"11":[1,1],"12":[2,2],"13":[1,0]},"_coverageSchema":"1a1c01bbd47fc00a2c39e90264f33305004495a9","hash":"fdaffc3ff81a9e10eaf604777837dc8fdb23606e"}
}
