TN:
SF:src/routes/items.js
FN:4,createItemsRouter
FN:8,readData
FN:23,writeData
FN:28,(anonymous_3)
FN:35,(anonymous_4)
FN:51,(anonymous_5)
FN:54,(anonymous_6)
FN:65,(anonymous_7)
FNF:8
FNH:8
FNDA:12,createItemsRouter
FNDA:7,readData
FNDA:1,writeData
FNDA:4,(anonymous_3)
FNDA:3,(anonymous_4)
FNDA:2,(anonymous_5)
FNDA:5,(anonymous_6)
FNDA:6,(anonymous_7)
DA:1,1
DA:2,1
DA:5,12
DA:9,7
DA:10,7
DA:11,6
DA:13,1
DA:15,1
DA:16,1
DA:18,0
DA:24,1
DA:28,12
DA:29,4
DA:30,4
DA:31,4
DA:32,4
DA:34,4
DA:35,1
DA:36,3
DA:40,4
DA:41,1
DA:44,4
DA:46,0
DA:51,12
DA:52,2
DA:53,2
DA:54,5
DA:55,2
DA:56,1
DA:58,1
DA:60,0
DA:65,12
DA:66,6
DA:67,6
DA:70,6
DA:71,2
DA:75,4
DA:76,2
DA:80,2
DA:81,1
DA:86,1
DA:87,1
DA:93,1
DA:94,1
DA:96,1
DA:98,0
DA:102,12
DA:105,1
LF:48
LH:44
BRDA:13,0,0,1
BRDA:13,0,1,0
BRDA:34,1,0,1
BRDA:34,1,1,3
BRDA:40,2,0,1
BRDA:40,2,1,3
BRDA:55,3,0,1
BRDA:55,3,1,1
BRDA:70,4,0,2
BRDA:70,4,1,4
BRDA:70,5,0,6
BRDA:70,5,1,5
BRDA:75,6,0,2
BRDA:75,6,1,2
BRDA:75,7,0,4
BRDA:75,7,1,3
BRDA:80,8,0,1
BRDA:80,8,1,1
BRDA:80,9,0,2
BRDA:80,9,1,2
BRDA:91,10,0,1
BRDA:91,10,1,0
BRF:22
BRH:20
end_of_record
