TN:
SF:src/routes/items.js
FN:4,createItemsRouter
FN:7,readData
FN:20,writeData
FN:25,(anonymous_3)
FN:30,(anonymous_4)
FN:62,(anonymous_5)
FN:65,(anonymous_6)
FN:74,(anonymous_7)
FNF:8
FNH:8
FNDA:12,createItemsRouter
FNDA:8,readData
FNDA:1,writeData
FNDA:5,(anonymous_3)
FNDA:9,(anonymous_4)
FNDA:2,(anonymous_5)
FNDA:5,(anonymous_6)
FNDA:6,(anonymous_7)
DA:1,1
DA:2,1
DA:5,12
DA:8,8
DA:9,8
DA:10,7
DA:12,1
DA:13,1
DA:14,1
DA:16,0
DA:21,1
DA:25,12
DA:26,5
DA:27,5
DA:28,5
DA:30,5
DA:31,9
DA:34,5
DA:35,2
DA:36,2
DA:38,2
DA:39,2
DA:41,2
DA:49,3
DA:57,0
DA:62,12
DA:63,2
DA:64,2
DA:65,5
DA:66,2
DA:67,1
DA:69,0
DA:74,12
DA:75,6
DA:76,6
DA:78,6
DA:79,2
DA:81,4
DA:82,2
DA:84,2
DA:85,1
DA:87,1
DA:88,1
DA:89,1
DA:90,1
DA:92,1
DA:94,0
DA:98,12
DA:101,1
LF:49
LH:45
BRDA:12,0,0,1
BRDA:12,0,1,0
BRDA:28,1,0,3
BRDA:28,2,0,3
BRDA:28,3,0,3
BRDA:34,4,0,2
BRDA:34,4,1,3
BRDA:34,5,0,5
BRDA:34,5,1,2
BRDA:66,6,0,1
BRDA:66,6,1,1
BRDA:78,7,0,2
BRDA:78,7,1,4
BRDA:78,8,0,6
BRDA:78,8,1,5
BRDA:81,9,0,2
BRDA:81,9,1,2
BRDA:81,10,0,4
BRDA:81,10,1,3
BRDA:84,11,0,1
BRDA:84,11,1,1
BRDA:84,12,0,2
BRDA:84,12,1,2
BRDA:88,13,0,1
BRDA:88,13,1,0
BRF:25
BRH:23
end_of_record
